Analysis & Synthesis report for RXTX
Mon Mar 04 15:14:52 2024
Quartus Prime Version 17.0.0 Build 595 04/25/2017 SJ Lite Edition


---------------------
; Table of Contents ;
---------------------
  1. Legal Notice
  2. Analysis & Synthesis Summary
  3. Analysis & Synthesis Settings
  4. Parallel Compilation
  5. Analysis & Synthesis Source Files Read
  6. Analysis & Synthesis Resource Usage Summary
  7. Analysis & Synthesis Resource Utilization by Entity
  8. State Machine - |rxtx|ADSR:inst42|state
  9. State Machine - |rxtx|HC-SR04:inst17|dis_meter_sm:inst1|state
 10. User-Specified and Inferred Latches
 11. Registers Removed During Synthesis
 12. Removed Registers Triggering Further Register Optimizations
 13. General Register Statistics
 14. Inverted Register Statistics
 15. Multiplexer Restructuring Statistics (Restructuring Performed)
 16. Parameter Settings for User Entity Instance: RGB_ring:inst33
 17. Parameter Settings for Inferred Entity Instance: f_vol:inst40|lpm_mult:Mult0
 18. lpm_mult Parameter Settings by Entity Instance
 19. Post-Synthesis Netlist Statistics for Top Partition
 20. Elapsed Time Per Partition
 21. Analysis & Synthesis Messages



----------------
; Legal Notice ;
----------------
Copyright (C) 2017  Intel Corporation. All rights reserved.
Your use of Intel Corporation's design tools, logic functions 
and other software and tools, and its AMPP partner logic 
functions, and any output files from any of the foregoing 
(including device programming or simulation files), and any 
associated documentation or information are expressly subject 
to the terms and conditions of the Intel Program License 
Subscription Agreement, the Intel Quartus Prime License Agreement,
the Intel MegaCore Function License Agreement, or other 
applicable license agreement, including, without limitation, 
that your use is for the sole purpose of programming logic 
devices manufactured by Intel and sold by Intel or its 
authorized distributors.  Please refer to the applicable 
agreement for further details.



+----------------------------------------------------------------------------------+
; Analysis & Synthesis Summary                                                     ;
+------------------------------------+---------------------------------------------+
; Analysis & Synthesis Status        ; Successful - Mon Mar 04 15:14:52 2024       ;
; Quartus Prime Version              ; 17.0.0 Build 595 04/25/2017 SJ Lite Edition ;
; Revision Name                      ; RXTX                                        ;
; Top-level Entity Name              ; rxtx                                        ;
; Family                             ; MAX 10                                      ;
; Total logic elements               ; 437                                         ;
;     Total combinational functions  ; 419                                         ;
;     Dedicated logic registers      ; 216                                         ;
; Total registers                    ; 216                                         ;
; Total pins                         ; 84                                          ;
; Total virtual pins                 ; 0                                           ;
; Total memory bits                  ; 0                                           ;
; Embedded Multiplier 9-bit elements ; 0                                           ;
; Total PLLs                         ; 0                                           ;
; UFM blocks                         ; 0                                           ;
; ADC blocks                         ; 0                                           ;
+------------------------------------+---------------------------------------------+


+----------------------------------------------------------------------------------------------------------------------+
; Analysis & Synthesis Settings                                                                                        ;
+----------------------------------------------------------------------------+--------------------+--------------------+
; Option                                                                     ; Setting            ; Default Value      ;
+----------------------------------------------------------------------------+--------------------+--------------------+
; Device                                                                     ; 10M50DAF484C7G     ;                    ;
; Top-level entity name                                                      ; rxtx               ; RXTX               ;
; Family name                                                                ; MAX 10             ; Cyclone V          ;
; Use smart compilation                                                      ; Off                ; Off                ;
; Enable parallel Assembler and TimeQuest Timing Analyzer during compilation ; On                 ; On                 ;
; Enable compact report table                                                ; Off                ; Off                ;
; Restructure Multiplexers                                                   ; Auto               ; Auto               ;
; Create Debugging Nodes for IP Cores                                        ; Off                ; Off                ;
; Preserve fewer node names                                                  ; On                 ; On                 ;
; OpenCore Plus hardware evaluation                                          ; Enable             ; Enable             ;
; Verilog Version                                                            ; Verilog_2001       ; Verilog_2001       ;
; VHDL Version                                                               ; VHDL_1993          ; VHDL_1993          ;
; State Machine Processing                                                   ; Auto               ; Auto               ;
; Safe State Machine                                                         ; Off                ; Off                ;
; Extract Verilog State Machines                                             ; On                 ; On                 ;
; Extract VHDL State Machines                                                ; On                 ; On                 ;
; Ignore Verilog initial constructs                                          ; Off                ; Off                ;
; Iteration limit for constant Verilog loops                                 ; 5000               ; 5000               ;
; Iteration limit for non-constant Verilog loops                             ; 250                ; 250                ;
; Add Pass-Through Logic to Inferred RAMs                                    ; On                 ; On                 ;
; Infer RAMs from Raw Logic                                                  ; On                 ; On                 ;
; Parallel Synthesis                                                         ; On                 ; On                 ;
; DSP Block Balancing                                                        ; Auto               ; Auto               ;
; NOT Gate Push-Back                                                         ; On                 ; On                 ;
; Power-Up Don't Care                                                        ; On                 ; On                 ;
; Remove Redundant Logic Cells                                               ; Off                ; Off                ;
; Remove Duplicate Registers                                                 ; On                 ; On                 ;
; Ignore CARRY Buffers                                                       ; Off                ; Off                ;
; Ignore CASCADE Buffers                                                     ; Off                ; Off                ;
; Ignore GLOBAL Buffers                                                      ; Off                ; Off                ;
; Ignore ROW GLOBAL Buffers                                                  ; Off                ; Off                ;
; Ignore LCELL Buffers                                                       ; Off                ; Off                ;
; Ignore SOFT Buffers                                                        ; On                 ; On                 ;
; Limit AHDL Integers to 32 Bits                                             ; Off                ; Off                ;
; Optimization Technique                                                     ; Balanced           ; Balanced           ;
; Carry Chain Length                                                         ; 70                 ; 70                 ;
; Auto Carry Chains                                                          ; On                 ; On                 ;
; Auto Open-Drain Pins                                                       ; On                 ; On                 ;
; Perform WYSIWYG Primitive Resynthesis                                      ; Off                ; Off                ;
; Auto ROM Replacement                                                       ; On                 ; On                 ;
; Auto RAM Replacement                                                       ; On                 ; On                 ;
; Auto DSP Block Replacement                                                 ; On                 ; On                 ;
; Auto Shift Register Replacement                                            ; Auto               ; Auto               ;
; Allow Shift Register Merging across Hierarchies                            ; Auto               ; Auto               ;
; Auto Clock Enable Replacement                                              ; On                 ; On                 ;
; Strict RAM Replacement                                                     ; Off                ; Off                ;
; Allow Synchronous Control Signals                                          ; On                 ; On                 ;
; Force Use of Synchronous Clear Signals                                     ; Off                ; Off                ;
; Auto RAM Block Balancing                                                   ; On                 ; On                 ;
; Auto RAM to Logic Cell Conversion                                          ; Off                ; Off                ;
; Auto Resource Sharing                                                      ; Off                ; Off                ;
; Allow Any RAM Size For Recognition                                         ; Off                ; Off                ;
; Allow Any ROM Size For Recognition                                         ; Off                ; Off                ;
; Allow Any Shift Register Size For Recognition                              ; Off                ; Off                ;
; Use LogicLock Constraints during Resource Balancing                        ; On                 ; On                 ;
; Ignore translate_off and synthesis_off directives                          ; Off                ; Off                ;
; Timing-Driven Synthesis                                                    ; On                 ; On                 ;
; Report Parameter Settings                                                  ; On                 ; On                 ;
; Report Source Assignments                                                  ; On                 ; On                 ;
; Report Connectivity Checks                                                 ; On                 ; On                 ;
; Ignore Maximum Fan-Out Assignments                                         ; Off                ; Off                ;
; Synchronization Register Chain Length                                      ; 2                  ; 2                  ;
; PowerPlay Power Optimization During Synthesis                              ; Normal compilation ; Normal compilation ;
; HDL message level                                                          ; Level2             ; Level2             ;
; Suppress Register Optimization Related Messages                            ; Off                ; Off                ;
; Number of Removed Registers Reported in Synthesis Report                   ; 5000               ; 5000               ;
; Number of Swept Nodes Reported in Synthesis Report                         ; 5000               ; 5000               ;
; Number of Inverted Registers Reported in Synthesis Report                  ; 100                ; 100                ;
; Clock MUX Protection                                                       ; On                 ; On                 ;
; Auto Gated Clock Conversion                                                ; Off                ; Off                ;
; Block Design Naming                                                        ; Auto               ; Auto               ;
; SDC constraint protection                                                  ; Off                ; Off                ;
; Synthesis Effort                                                           ; Auto               ; Auto               ;
; Shift Register Replacement - Allow Asynchronous Clear Signal               ; On                 ; On                 ;
; Pre-Mapping Resynthesis Optimization                                       ; Off                ; Off                ;
; Analysis & Synthesis Message Level                                         ; Medium             ; Medium             ;
; Disable Register Merging Across Hierarchies                                ; Auto               ; Auto               ;
; Resource Aware Inference For Block RAM                                     ; On                 ; On                 ;
+----------------------------------------------------------------------------+--------------------+--------------------+


+------------------------------------------+
; Parallel Compilation                     ;
+----------------------------+-------------+
; Processors                 ; Number      ;
+----------------------------+-------------+
; Number detected on machine ; 8           ;
; Maximum allowed            ; 4           ;
;                            ;             ;
; Average used               ; 1.00        ;
; Maximum used               ; 4           ;
;                            ;             ;
; Usage by Processor         ; % Time Used ;
;     Processor 1            ; 100.0%      ;
;     Processor 2            ;   0.0%      ;
;     Processors 3-4         ;   0.0%      ;
+----------------------------+-------------+


+------------------------------------------------------------------------------------------------------------------------------------------------------------------------------------------+
; Analysis & Synthesis Source Files Read                                                                                                                                                   ;
+----------------------------------+-----------------+------------------------------------------+--------------------------------------------------------------------------------+---------+
; File Name with User-Entered Path ; Used in Netlist ; File Type                                ; File Name with Absolute Path                                                   ; Library ;
+----------------------------------+-----------------+------------------------------------------+--------------------------------------------------------------------------------+---------+
; HC-SR04.bdf                      ; yes             ; User Block Diagram/Schematic File        ; C:/LIHI/git/Digital musical instrument/HC-SR04.bdf                             ;         ;
; tx.vhd                           ; yes             ; User VHDL File                           ; C:/LIHI/git/Digital musical instrument/tx.vhd                                  ;         ;
; my_rx.vhd                        ; yes             ; User VHDL File                           ; C:/LIHI/git/Digital musical instrument/my_rx.vhd                               ;         ;
; half8.vhd                        ; yes             ; User VHDL File                           ; C:/LIHI/git/Digital musical instrument/half8.vhd                               ;         ;
; clkdiv.vhd                       ; yes             ; User VHDL File                           ; C:/LIHI/git/Digital musical instrument/clkdiv.vhd                              ;         ;
; boud.vhd                         ; yes             ; User VHDL File                           ; C:/LIHI/git/Digital musical instrument/boud.vhd                                ;         ;
; rxtx.bdf                         ; yes             ; User Block Diagram/Schematic File        ; C:/LIHI/git/Digital musical instrument/rxtx.bdf                                ;         ;
; bin2hex.vhd                      ; yes             ; User VHDL File                           ; C:/LIHI/git/Digital musical instrument/bin2hex.vhd                             ;         ;
; dis_meter_sm.vhd                 ; yes             ; User VHDL File                           ; C:/LIHI/git/Digital musical instrument/dis_meter_sm.vhd                        ;         ;
; clk_div_58msec.vhd               ; yes             ; User VHDL File                           ; C:/LIHI/git/Digital musical instrument/clk_div_58msec.vhd                      ;         ;
; padding.vhd                      ; yes             ; User VHDL File                           ; C:/LIHI/git/Digital musical instrument/padding.vhd                             ;         ;
; bit_div.vhd                      ; yes             ; User VHDL File                           ; C:/LIHI/git/Digital musical instrument/bit_div.vhd                             ;         ;
; padding_tx.vhd                   ; yes             ; User VHDL File                           ; C:/LIHI/git/Digital musical instrument/padding_tx.vhd                          ;         ;
; RGB_ring.vhd                     ; yes             ; User VHDL File                           ; C:/LIHI/git/Digital musical instrument/RGB_ring.vhd                            ;         ;
; div_rx.vhd                       ; yes             ; User VHDL File                           ; C:/LIHI/git/Digital musical instrument/div_rx.vhd                              ;         ;
; ADSR.vhd                         ; yes             ; User VHDL File                           ; C:/LIHI/git/Digital musical instrument/ADSR.vhd                                ;         ;
; dac_wave.vhd                     ; yes             ; User VHDL File                           ; C:/LIHI/git/Digital musical instrument/dac_wave.vhd                            ;         ;
; f_vol.vhd                        ; yes             ; User VHDL File                           ; C:/LIHI/git/Digital musical instrument/f_vol.vhd                               ;         ;
; ADR.vhd                          ; yes             ; User VHDL File                           ; C:/LIHI/git/Digital musical instrument/ADR.vhd                                 ;         ;
; trigger.vhd                      ; yes             ; Auto-Found VHDL File                     ; C:/LIHI/git/Digital musical instrument/trigger.vhd                             ;         ;
; keyboard.bdf                     ; yes             ; Auto-Found Block Diagram/Schematic File  ; C:/LIHI/git/Digital musical instrument/keyboard.bdf                            ;         ;
; sound_div.vhd                    ; yes             ; Auto-Found VHDL File                     ; C:/LIHI/git/Digital musical instrument/sound_div.vhd                           ;         ;
; p_encoder.vhd                    ; yes             ; Auto-Found VHDL File                     ; C:/LIHI/git/Digital musical instrument/p_encoder.vhd                           ;         ;
; lpm_mult.tdf                     ; yes             ; Megafunction                             ; c:/intelfpga_lite/17.0/quartus/libraries/megafunctions/lpm_mult.tdf            ;         ;
; aglobal170.inc                   ; yes             ; Megafunction                             ; c:/intelfpga_lite/17.0/quartus/libraries/megafunctions/aglobal170.inc          ;         ;
; lpm_add_sub.inc                  ; yes             ; Megafunction                             ; c:/intelfpga_lite/17.0/quartus/libraries/megafunctions/lpm_add_sub.inc         ;         ;
; multcore.inc                     ; yes             ; Megafunction                             ; c:/intelfpga_lite/17.0/quartus/libraries/megafunctions/multcore.inc            ;         ;
; bypassff.inc                     ; yes             ; Megafunction                             ; c:/intelfpga_lite/17.0/quartus/libraries/megafunctions/bypassff.inc            ;         ;
; altshift.inc                     ; yes             ; Megafunction                             ; c:/intelfpga_lite/17.0/quartus/libraries/megafunctions/altshift.inc            ;         ;
; multcore.tdf                     ; yes             ; Megafunction                             ; c:/intelfpga_lite/17.0/quartus/libraries/megafunctions/multcore.tdf            ;         ;
; csa_add.inc                      ; yes             ; Megafunction                             ; c:/intelfpga_lite/17.0/quartus/libraries/megafunctions/csa_add.inc             ;         ;
; mpar_add.inc                     ; yes             ; Megafunction                             ; c:/intelfpga_lite/17.0/quartus/libraries/megafunctions/mpar_add.inc            ;         ;
; muleabz.inc                      ; yes             ; Megafunction                             ; c:/intelfpga_lite/17.0/quartus/libraries/megafunctions/muleabz.inc             ;         ;
; mul_lfrg.inc                     ; yes             ; Megafunction                             ; c:/intelfpga_lite/17.0/quartus/libraries/megafunctions/mul_lfrg.inc            ;         ;
; mul_boothc.inc                   ; yes             ; Megafunction                             ; c:/intelfpga_lite/17.0/quartus/libraries/megafunctions/mul_boothc.inc          ;         ;
; alt_ded_mult.inc                 ; yes             ; Megafunction                             ; c:/intelfpga_lite/17.0/quartus/libraries/megafunctions/alt_ded_mult.inc        ;         ;
; alt_ded_mult_y.inc               ; yes             ; Megafunction                             ; c:/intelfpga_lite/17.0/quartus/libraries/megafunctions/alt_ded_mult_y.inc      ;         ;
; dffpipe.inc                      ; yes             ; Megafunction                             ; c:/intelfpga_lite/17.0/quartus/libraries/megafunctions/dffpipe.inc             ;         ;
; mul_lfrg.tdf                     ; yes             ; Megafunction                             ; c:/intelfpga_lite/17.0/quartus/libraries/megafunctions/mul_lfrg.tdf            ;         ;
; mpar_add.tdf                     ; yes             ; Megafunction                             ; c:/intelfpga_lite/17.0/quartus/libraries/megafunctions/mpar_add.tdf            ;         ;
; lpm_add_sub.tdf                  ; yes             ; Megafunction                             ; c:/intelfpga_lite/17.0/quartus/libraries/megafunctions/lpm_add_sub.tdf         ;         ;
; addcore.inc                      ; yes             ; Megafunction                             ; c:/intelfpga_lite/17.0/quartus/libraries/megafunctions/addcore.inc             ;         ;
; look_add.inc                     ; yes             ; Megafunction                             ; c:/intelfpga_lite/17.0/quartus/libraries/megafunctions/look_add.inc            ;         ;
; alt_stratix_add_sub.inc          ; yes             ; Megafunction                             ; c:/intelfpga_lite/17.0/quartus/libraries/megafunctions/alt_stratix_add_sub.inc ;         ;
; db/add_sub_drg.tdf               ; yes             ; Auto-Generated Megafunction              ; C:/LIHI/git/Digital musical instrument/db/add_sub_drg.tdf                      ;         ;
; altshift.tdf                     ; yes             ; Megafunction                             ; c:/intelfpga_lite/17.0/quartus/libraries/megafunctions/altshift.tdf            ;         ;
+----------------------------------+-----------------+------------------------------------------+--------------------------------------------------------------------------------+---------+


+---------------------------------------------------------+
; Analysis & Synthesis Resource Usage Summary             ;
+---------------------------------------------+-----------+
; Resource                                    ; Usage     ;
+---------------------------------------------+-----------+
; Estimated Total logic elements              ; 437       ;
;                                             ;           ;
; Total combinational functions               ; 419       ;
; Logic element usage by number of LUT inputs ;           ;
;     -- 4 input functions                    ; 186       ;
;     -- 3 input functions                    ; 66        ;
;     -- <=2 input functions                  ; 167       ;
;                                             ;           ;
; Logic elements by mode                      ;           ;
;     -- normal mode                          ; 275       ;
;     -- arithmetic mode                      ; 144       ;
;                                             ;           ;
; Total registers                             ; 216       ;
;     -- Dedicated logic registers            ; 216       ;
;     -- I/O registers                        ; 0         ;
;                                             ;           ;
; I/O pins                                    ; 84        ;
;                                             ;           ;
; Embedded Multiplier 9-bit elements          ; 0         ;
;                                             ;           ;
; Maximum fan-out node                        ; clk~input ;
; Maximum fan-out                             ; 161       ;
; Total fan-out                               ; 2072      ;
; Average fan-out                             ; 2.58      ;
+---------------------------------------------+-----------+


+-------------------------------------------------------------------------------------------------------------------------------------------------------------------------------------------------------------------------------------------------------------------------------------------------------------------+
; Analysis & Synthesis Resource Utilization by Entity                                                                                                                                                                                                                                                               ;
+-------------------------------------------+---------------------+---------------------------+-------------+------------+--------------+---------+-----------+------+--------------+------------+----------------------------------------------------------------------------------+----------------+--------------+
; Compilation Hierarchy Node                ; Combinational ALUTs ; Dedicated Logic Registers ; Memory Bits ; UFM Blocks ; DSP Elements ; DSP 9x9 ; DSP 18x18 ; Pins ; Virtual Pins ; ADC blocks ; Full Hierarchy Name                                                              ; Entity Name    ; Library Name ;
+-------------------------------------------+---------------------+---------------------------+-------------+------------+--------------+---------+-----------+------+--------------+------------+----------------------------------------------------------------------------------+----------------+--------------+
; |rxtx                                     ; 419 (0)             ; 216 (0)                   ; 0           ; 0          ; 0            ; 0       ; 0         ; 84   ; 0            ; 0          ; |rxtx                                                                            ; rxtx           ; work         ;
;    |HC-SR04:inst17|                       ; 88 (0)              ; 63 (0)                    ; 0           ; 0          ; 0            ; 0       ; 0         ; 0    ; 0            ; 0          ; |rxtx|HC-SR04:inst17                                                             ; HC-SR04        ; work         ;
;       |bit_div:inst4|                     ; 7 (7)               ; 0 (0)                     ; 0           ; 0          ; 0            ; 0       ; 0         ; 0    ; 0            ; 0          ; |rxtx|HC-SR04:inst17|bit_div:inst4                                               ; bit_div        ; work         ;
;       |clk_div_58msec:inst|               ; 29 (29)             ; 22 (22)                   ; 0           ; 0          ; 0            ; 0       ; 0         ; 0    ; 0            ; 0          ; |rxtx|HC-SR04:inst17|clk_div_58msec:inst                                         ; clk_div_58msec ; work         ;
;       |dis_meter_sm:inst1|                ; 18 (18)             ; 18 (18)                   ; 0           ; 0          ; 0            ; 0       ; 0         ; 0    ; 0            ; 0          ; |rxtx|HC-SR04:inst17|dis_meter_sm:inst1                                          ; dis_meter_sm   ; work         ;
;       |trigger:inst2|                     ; 34 (34)             ; 23 (23)                   ; 0           ; 0          ; 0            ; 0       ; 0         ; 0    ; 0            ; 0          ; |rxtx|HC-SR04:inst17|trigger:inst2                                               ; trigger        ; work         ;
;    |RGB_ring:inst33|                      ; 103 (103)           ; 53 (53)                   ; 0           ; 0          ; 0            ; 0       ; 0         ; 0    ; 0            ; 0          ; |rxtx|RGB_ring:inst33                                                            ; RGB_ring       ; work         ;
;    |TX:inst6|                             ; 22 (22)             ; 10 (10)                   ; 0           ; 0          ; 0            ; 0       ; 0         ; 0    ; 0            ; 0          ; |rxtx|TX:inst6                                                                   ; TX             ; work         ;
;    |bin2hex:inst10|                       ; 7 (7)               ; 0 (0)                     ; 0           ; 0          ; 0            ; 0       ; 0         ; 0    ; 0            ; 0          ; |rxtx|bin2hex:inst10                                                             ; bin2hex        ; work         ;
;    |bin2hex:inst13|                       ; 8 (8)               ; 0 (0)                     ; 0           ; 0          ; 0            ; 0       ; 0         ; 0    ; 0            ; 0          ; |rxtx|bin2hex:inst13                                                             ; bin2hex        ; work         ;
;    |bin2hex:inst4|                        ; 7 (7)               ; 0 (0)                     ; 0           ; 0          ; 0            ; 0       ; 0         ; 0    ; 0            ; 0          ; |rxtx|bin2hex:inst4                                                              ; bin2hex        ; work         ;
;    |bin2hex:inst5|                        ; 7 (7)               ; 0 (0)                     ; 0           ; 0          ; 0            ; 0       ; 0         ; 0    ; 0            ; 0          ; |rxtx|bin2hex:inst5                                                              ; bin2hex        ; work         ;
;    |boud:inst|                            ; 11 (11)             ; 9 (9)                     ; 0           ; 0          ; 0            ; 0       ; 0         ; 0    ; 0            ; 0          ; |rxtx|boud:inst                                                                  ; boud           ; work         ;
;    |clkdiv:inst9|                         ; 34 (34)             ; 27 (27)                   ; 0           ; 0          ; 0            ; 0       ; 0         ; 0    ; 0            ; 0          ; |rxtx|clkdiv:inst9                                                               ; clkdiv         ; work         ;
;    |f_vol:inst40|                         ; 16 (8)              ; 0 (0)                     ; 0           ; 0          ; 0            ; 0       ; 0         ; 0    ; 0            ; 0          ; |rxtx|f_vol:inst40                                                               ; f_vol          ; work         ;
;       |lpm_mult:Mult0|                    ; 8 (0)               ; 0 (0)                     ; 0           ; 0          ; 0            ; 0       ; 0         ; 0    ; 0            ; 0          ; |rxtx|f_vol:inst40|lpm_mult:Mult0                                                ; lpm_mult       ; work         ;
;          |multcore:mult_core|             ; 8 (0)               ; 0 (0)                     ; 0           ; 0          ; 0            ; 0       ; 0         ; 0    ; 0            ; 0          ; |rxtx|f_vol:inst40|lpm_mult:Mult0|multcore:mult_core                             ; multcore       ; work         ;
;             |mul_lfrg:$00030|             ; 1 (1)               ; 0 (0)                     ; 0           ; 0          ; 0            ; 0       ; 0         ; 0    ; 0            ; 0          ; |rxtx|f_vol:inst40|lpm_mult:Mult0|multcore:mult_core|mul_lfrg:$00030             ; mul_lfrg       ; work         ;
;             |mul_lfrg:mul_lfrg_first_mod| ; 7 (7)               ; 0 (0)                     ; 0           ; 0          ; 0            ; 0       ; 0         ; 0    ; 0            ; 0          ; |rxtx|f_vol:inst40|lpm_mult:Mult0|multcore:mult_core|mul_lfrg:mul_lfrg_first_mod ; mul_lfrg       ; work         ;
;    |keyboard:inst15|                      ; 79 (0)              ; 27 (0)                    ; 0           ; 0          ; 0            ; 0       ; 0         ; 0    ; 0            ; 0          ; |rxtx|keyboard:inst15                                                            ; keyboard       ; work         ;
;       |P_ENCODER:inst|                    ; 7 (7)               ; 0 (0)                     ; 0           ; 0          ; 0            ; 0       ; 0         ; 0    ; 0            ; 0          ; |rxtx|keyboard:inst15|P_ENCODER:inst                                             ; P_ENCODER      ; work         ;
;       |SOUND_DIV:inst2|                   ; 72 (72)             ; 27 (27)                   ; 0           ; 0          ; 0            ; 0       ; 0         ; 0    ; 0            ; 0          ; |rxtx|keyboard:inst15|SOUND_DIV:inst2                                            ; SOUND_DIV      ; work         ;
;    |my_rX:inst2|                          ; 37 (37)             ; 27 (27)                   ; 0           ; 0          ; 0            ; 0       ; 0         ; 0    ; 0            ; 0          ; |rxtx|my_rX:inst2                                                                ; my_rX          ; work         ;
+-------------------------------------------+---------------------+---------------------------+-------------+------------+--------------+---------+-----------+------+--------------+------------+----------------------------------------------------------------------------------+----------------+--------------+
Note: For table entries with two numbers listed, the numbers in parentheses indicate the number of resources of the given type used by the specific entity alone. The numbers listed outside of parentheses indicate the total resources of the given type used by the specific entity and all of its sub-entities in the hierarchy.


Encoding Type:  One-Hot
+-----------------------------------------------------------------------------------------+
; State Machine - |rxtx|ADSR:inst42|state                                                 ;
+---------------+---------------+---------------+-------------+--------------+------------+
; Name          ; state.Release ; state.Sustain ; state.Decay ; state.Attack ; state.Idle ;
+---------------+---------------+---------------+-------------+--------------+------------+
; state.Idle    ; 0             ; 0             ; 0           ; 0            ; 0          ;
; state.Attack  ; 0             ; 0             ; 0           ; 1            ; 1          ;
; state.Decay   ; 0             ; 0             ; 1           ; 0            ; 1          ;
; state.Sustain ; 0             ; 1             ; 0           ; 0            ; 1          ;
; state.Release ; 1             ; 0             ; 0           ; 0            ; 1          ;
+---------------+---------------+---------------+-------------+--------------+------------+


Encoding Type:  One-Hot
+---------------------------------------------------------------+
; State Machine - |rxtx|HC-SR04:inst17|dis_meter_sm:inst1|state ;
+-----------------+------------+-------------+------------------+
; Name            ; state.noel ; state.sofer ; state.wait4echo  ;
+-----------------+------------+-------------+------------------+
; state.wait4echo ; 0          ; 0           ; 0                ;
; state.sofer     ; 0          ; 1           ; 1                ;
; state.noel      ; 1          ; 0           ; 1                ;
+-----------------+------------+-------------+------------------+


+----------------------------------------------------------------------------------------------------------------+
; User-Specified and Inferred Latches                                                                            ;
+----------------------------------------------------+----------------------------------+------------------------+
; Latch Name                                         ; Latch Enable Signal              ; Free of Timing Hazards ;
+----------------------------------------------------+----------------------------------+------------------------+
; RGB_ring:inst33|current_color[5]                   ; RGB_ring:inst33|current_color[1] ; yes                    ;
; RGB_ring:inst33|current_color[6]                   ; RGB_ring:inst33|current_color[1] ; yes                    ;
; RGB_ring:inst33|current_color[7]                   ; RGB_ring:inst33|current_color[1] ; yes                    ;
; RGB_ring:inst33|current_color[4]                   ; RGB_ring:inst33|current_color[1] ; yes                    ;
; RGB_ring:inst33|current_color[2]                   ; RGB_ring:inst33|current_color[1] ; yes                    ;
; RGB_ring:inst33|current_color[1]                   ; RGB_ring:inst33|current_color[1] ; yes                    ;
; RGB_ring:inst33|current_color[3]                   ; RGB_ring:inst33|current_color[1] ; yes                    ;
; RGB_ring:inst33|current_color[0]                   ; RGB_ring:inst33|current_color[1] ; yes                    ;
; Number of user-specified and inferred latches = 8  ;                                  ;                        ;
+----------------------------------------------------+----------------------------------+------------------------+
Note: All latches listed above may not be present at the end of synthesis due to various synthesis optimizations.


+----------------------------------------------------------------------------------------+
; Registers Removed During Synthesis                                                     ;
+---------------------------------------------------+------------------------------------+
; Register name                                     ; Reason for Removal                 ;
+---------------------------------------------------+------------------------------------+
; RGB_ring:inst33|red[7]                            ; Merged with RGB_ring:inst33|red[4] ;
; ADSR:inst42|y[0..7]                               ; Lost fanout                        ;
; ADSR:inst42|cnt[0..24]                            ; Lost fanout                        ;
; ADSR:inst42|state.Idle                            ; Lost fanout                        ;
; ADSR:inst42|state.Attack                          ; Lost fanout                        ;
; ADSR:inst42|state.Decay                           ; Lost fanout                        ;
; ADSR:inst42|state.Sustain                         ; Lost fanout                        ;
; ADSR:inst42|state.Release                         ; Lost fanout                        ;
; HC-SR04:inst17|dis_meter_sm:inst1|state.wait4echo ; Lost fanout                        ;
; Total Number of Removed Registers = 40            ;                                    ;
+---------------------------------------------------+------------------------------------+


+--------------------------------------------------------------------------------------------------------------------------------------+
; Removed Registers Triggering Further Register Optimizations                                                                          ;
+---------------------+--------------------+-------------------------------------------------------------------------------------------+
; Register name       ; Reason for Removal ; Registers Removed due to This Register                                                    ;
+---------------------+--------------------+-------------------------------------------------------------------------------------------+
; ADSR:inst42|y[7]    ; Lost Fanouts       ; ADSR:inst42|y[6], ADSR:inst42|y[5], ADSR:inst42|y[4], ADSR:inst42|y[3], ADSR:inst42|y[2], ;
;                     ;                    ; ADSR:inst42|y[1], ADSR:inst42|y[0], ADSR:inst42|cnt[24], ADSR:inst42|state.Idle,          ;
;                     ;                    ; ADSR:inst42|state.Attack, ADSR:inst42|state.Decay, ADSR:inst42|state.Sustain,             ;
;                     ;                    ; ADSR:inst42|state.Release                                                                 ;
; ADSR:inst42|cnt[10] ; Lost Fanouts       ; ADSR:inst42|cnt[23], ADSR:inst42|cnt[22], ADSR:inst42|cnt[21], ADSR:inst42|cnt[20]        ;
+---------------------+--------------------+-------------------------------------------------------------------------------------------+


+------------------------------------------------------+
; General Register Statistics                          ;
+----------------------------------------------+-------+
; Statistic                                    ; Value ;
+----------------------------------------------+-------+
; Total registers                              ; 216   ;
; Number of registers using Synchronous Clear  ; 148   ;
; Number of registers using Synchronous Load   ; 0     ;
; Number of registers using Asynchronous Clear ; 27    ;
; Number of registers using Asynchronous Load  ; 0     ;
; Number of registers using Clock Enable       ; 71    ;
; Number of registers using Preset             ; 0     ;
+----------------------------------------------+-------+


+--------------------------------------------------+
; Inverted Register Statistics                     ;
+----------------------------------------+---------+
; Inverted Register                      ; Fan out ;
+----------------------------------------+---------+
; TX:inst6|tx_ser_out                    ; 4       ;
; RGB_ring:inst33|stateCurrent           ; 28      ;
; Total number of inverted registers = 2 ;         ;
+----------------------------------------+---------+


+------------------------------------------------------------------------------------------------------------------------------------------------------+
; Multiplexer Restructuring Statistics (Restructuring Performed)                                                                                       ;
+--------------------+-----------+---------------+----------------------+------------------------+------------+----------------------------------------+
; Multiplexer Inputs ; Bus Width ; Baseline Area ; Area if Restructured ; Saving if Restructured ; Registered ; Example Multiplexer Output             ;
+--------------------+-----------+---------------+----------------------+------------------------+------------+----------------------------------------+
; 7:1                ; 8 bits    ; 32 LEs        ; 8 LEs                ; 24 LEs                 ; Yes        ; |rxtx|ADSR:inst42|y[2]                 ;
; 7:1                ; 25 bits   ; 100 LEs       ; 25 LEs               ; 75 LEs                 ; Yes        ; |rxtx|ADSR:inst42|cnt[18]              ;
; 3:1                ; 8 bits    ; 16 LEs        ; 16 LEs               ; 0 LEs                  ; No         ; |rxtx|RGB_ring:inst33|current_color[5] ;
; 6:1                ; 5 bits    ; 20 LEs        ; 20 LEs               ; 0 LEs                  ; No         ; |rxtx|ADSR:inst42|state                ;
+--------------------+-----------+---------------+----------------------+------------------------+------------+----------------------------------------+


+--------------------------------------------------------------+
; Parameter Settings for User Entity Instance: RGB_ring:inst33 ;
+----------------+-------+-------------------------------------+
; Parameter Name ; Value ; Type                                ;
+----------------+-------+-------------------------------------+
; one_on         ; 40    ; Signed Integer                      ;
; one_off        ; 21    ; Signed Integer                      ;
; zero_on        ; 20    ; Signed Integer                      ;
; zero_off       ; 41    ; Signed Integer                      ;
; reset_time     ; 2500  ; Signed Integer                      ;
+----------------+-------+-------------------------------------+
Note: In order to hide this table in the UI and the text report file, please set the "Show Parameter Settings in Synthesis Report" option in "Analysis and Synthesis Settings -> More Settings" to "Off".


+--------------------------------------------------------------------------------+
; Parameter Settings for Inferred Entity Instance: f_vol:inst40|lpm_mult:Mult0   ;
+------------------------------------------------+---------+---------------------+
; Parameter Name                                 ; Value   ; Type                ;
+------------------------------------------------+---------+---------------------+
; AUTO_CARRY_CHAINS                              ; ON      ; AUTO_CARRY          ;
; IGNORE_CARRY_BUFFERS                           ; OFF     ; IGNORE_CARRY        ;
; AUTO_CASCADE_CHAINS                            ; ON      ; AUTO_CASCADE        ;
; IGNORE_CASCADE_BUFFERS                         ; OFF     ; IGNORE_CASCADE      ;
; LPM_WIDTHA                                     ; 2       ; Untyped             ;
; LPM_WIDTHB                                     ; 8       ; Untyped             ;
; LPM_WIDTHP                                     ; 10      ; Untyped             ;
; LPM_WIDTHR                                     ; 10      ; Untyped             ;
; LPM_WIDTHS                                     ; 1       ; Untyped             ;
; LPM_REPRESENTATION                             ; SIGNED  ; Untyped             ;
; LPM_PIPELINE                                   ; 0       ; Untyped             ;
; LATENCY                                        ; 0       ; Untyped             ;
; INPUT_A_IS_CONSTANT                            ; NO      ; Untyped             ;
; INPUT_B_IS_CONSTANT                            ; NO      ; Untyped             ;
; USE_EAB                                        ; OFF     ; Untyped             ;
; MAXIMIZE_SPEED                                 ; 5       ; Untyped             ;
; DEVICE_FAMILY                                  ; MAX 10  ; Untyped             ;
; CARRY_CHAIN                                    ; MANUAL  ; Untyped             ;
; APEX20K_TECHNOLOGY_MAPPER                      ; LUT     ; TECH_MAPPER_APEX20K ;
; DEDICATED_MULTIPLIER_CIRCUITRY                 ; AUTO    ; Untyped             ;
; DEDICATED_MULTIPLIER_MIN_INPUT_WIDTH_FOR_AUTO  ; 0       ; Untyped             ;
; DEDICATED_MULTIPLIER_MIN_OUTPUT_WIDTH_FOR_AUTO ; 0       ; Untyped             ;
; CBXI_PARAMETER                                 ; NOTHING ; Untyped             ;
; INPUT_A_FIXED_VALUE                            ; Bx      ; Untyped             ;
; INPUT_B_FIXED_VALUE                            ; Bx      ; Untyped             ;
; USE_AHDL_IMPLEMENTATION                        ; OFF     ; Untyped             ;
+------------------------------------------------+---------+---------------------+
Note: In order to hide this table in the UI and the text report file, please set the "Show Parameter Settings in Synthesis Report" option in "Analysis and Synthesis Settings -> More Settings" to "Off".


+---------------------------------------------------------------------+
; lpm_mult Parameter Settings by Entity Instance                      ;
+---------------------------------------+-----------------------------+
; Name                                  ; Value                       ;
+---------------------------------------+-----------------------------+
; Number of entity instances            ; 1                           ;
; Entity Instance                       ; f_vol:inst40|lpm_mult:Mult0 ;
;     -- LPM_WIDTHA                     ; 2                           ;
;     -- LPM_WIDTHB                     ; 8                           ;
;     -- LPM_WIDTHP                     ; 10                          ;
;     -- LPM_REPRESENTATION             ; SIGNED                      ;
;     -- INPUT_A_IS_CONSTANT            ; NO                          ;
;     -- INPUT_B_IS_CONSTANT            ; NO                          ;
;     -- USE_EAB                        ; OFF                         ;
;     -- DEDICATED_MULTIPLIER_CIRCUITRY ; AUTO                        ;
;     -- INPUT_A_FIXED_VALUE            ; Bx                          ;
;     -- INPUT_B_FIXED_VALUE            ; Bx                          ;
+---------------------------------------+-----------------------------+


+-----------------------------------------------------+
; Post-Synthesis Netlist Statistics for Top Partition ;
+-----------------------+-----------------------------+
; Type                  ; Count                       ;
+-----------------------+-----------------------------+
; boundary_port         ; 84                          ;
; cycloneiii_ff         ; 216                         ;
;     CLR               ; 11                          ;
;     ENA               ; 39                          ;
;     ENA CLR SCLR      ; 16                          ;
;     ENA SCLR          ; 16                          ;
;     SCLR              ; 116                         ;
;     plain             ; 18                          ;
; cycloneiii_lcell_comb ; 429                         ;
;     arith             ; 144                         ;
;         2 data inputs ; 143                         ;
;         3 data inputs ; 1                           ;
;     normal            ; 285                         ;
;         0 data inputs ; 2                           ;
;         1 data inputs ; 19                          ;
;         2 data inputs ; 13                          ;
;         3 data inputs ; 65                          ;
;         4 data inputs ; 186                         ;
;                       ;                             ;
; Max LUT depth         ; 10.00                       ;
; Average LUT depth     ; 3.35                        ;
+-----------------------+-----------------------------+


+-------------------------------+
; Elapsed Time Per Partition    ;
+----------------+--------------+
; Partition Name ; Elapsed Time ;
+----------------+--------------+
; Top            ; 00:00:02     ;
+----------------+--------------+


+-------------------------------+
; Analysis & Synthesis Messages ;
+-------------------------------+
Info: *******************************************************************
Info: Running Quartus Prime Analysis & Synthesis
    Info: Version 17.0.0 Build 595 04/25/2017 SJ Lite Edition
    Info: Processing started: Mon Mar 04 15:14:29 2024
Info: Command: quartus_map --read_settings_files=on --write_settings_files=off RXTX -c RXTX
Warning (18236): Number of processors has not been specified which may cause overloading on shared machines.  Set the global assignment NUM_PARALLEL_PROCESSORS in your QSF to an appropriate value for best performance.
Info (20030): Parallel compilation is enabled and will use 4 of the 4 processors detected
Info (12021): Found 1 design units, including 1 entities, in source file hc-sr04.bdf
    Info (12023): Found entity 1: HC-SR04
Info (12021): Found 2 design units, including 1 entities, in source file tx.vhd
    Info (12022): Found design unit 1: TX-behave File: C:/LIHI/git/Digital musical instrument/tx.vhd Line: 10
    Info (12023): Found entity 1: TX File: C:/LIHI/git/Digital musical instrument/tx.vhd Line: 4
Info (12021): Found 2 design units, including 1 entities, in source file rx.vhd
    Info (12022): Found design unit 1: ayelet_rX-behave File: C:/LIHI/git/Digital musical instrument/rx.vhd Line: 12
    Info (12023): Found entity 1: ayelet_rX File: C:/LIHI/git/Digital musical instrument/rx.vhd Line: 5
Info (12021): Found 2 design units, including 1 entities, in source file my_rx.vhd
    Info (12022): Found design unit 1: my_rX-behave File: C:/LIHI/git/Digital musical instrument/my_rx.vhd Line: 12
    Info (12023): Found entity 1: my_rX File: C:/LIHI/git/Digital musical instrument/my_rx.vhd Line: 5
Info (12021): Found 2 design units, including 1 entities, in source file lpf.vhd
    Info (12022): Found design unit 1: lpf-behave File: C:/LIHI/git/Digital musical instrument/lpf.vhd Line: 7
    Info (12023): Found entity 1: lpf File: C:/LIHI/git/Digital musical instrument/lpf.vhd Line: 3
Info (12021): Found 2 design units, including 1 entities, in source file half8.vhd
    Info (12022): Found design unit 1: half8-behave File: C:/LIHI/git/Digital musical instrument/half8.vhd Line: 10
    Info (12023): Found entity 1: half8 File: C:/LIHI/git/Digital musical instrument/half8.vhd Line: 4
Info (12021): Found 2 design units, including 1 entities, in source file disp_mux.vhd
    Info (12022): Found design unit 1: disp_mux-behave File: C:/LIHI/git/Digital musical instrument/disp_mux.vhd Line: 8
    Info (12023): Found entity 1: disp_mux File: C:/LIHI/git/Digital musical instrument/disp_mux.vhd Line: 3
Info (12021): Found 2 design units, including 1 entities, in source file clkdiv.vhd
    Info (12022): Found design unit 1: clkdiv-b File: C:/LIHI/git/Digital musical instrument/clkdiv.vhd Line: 7
    Info (12023): Found entity 1: clkdiv File: C:/LIHI/git/Digital musical instrument/clkdiv.vhd Line: 3
Info (12021): Found 2 design units, including 1 entities, in source file boud.vhd
    Info (12022): Found design unit 1: boud-behave File: C:/LIHI/git/Digital musical instrument/boud.vhd Line: 10
    Info (12023): Found entity 1: boud File: C:/LIHI/git/Digital musical instrument/boud.vhd Line: 6
Info (12021): Found 2 design units, including 1 entities, in source file bin2dex.vhd
    Info (12022): Found design unit 1: bin2dex-behave File: C:/LIHI/git/Digital musical instrument/bin2dex.vhd Line: 8
    Info (12023): Found entity 1: bin2dex File: C:/LIHI/git/Digital musical instrument/bin2dex.vhd Line: 3
Info (12021): Found 2 design units, including 1 entities, in source file bin_hex_display.vhd
    Info (12022): Found design unit 1: bin_hex_display-behave File: C:/LIHI/git/Digital musical instrument/bin_hex_display.vhd Line: 8
    Info (12023): Found entity 1: bin_hex_display File: C:/LIHI/git/Digital musical instrument/bin_hex_display.vhd Line: 4
Info (12021): Found 1 design units, including 1 entities, in source file rxtx.bdf
    Info (12023): Found entity 1: rxtx
Info (12021): Found 2 design units, including 1 entities, in source file bin2hex.vhd
    Info (12022): Found design unit 1: bin2hex-behave File: C:/LIHI/git/Digital musical instrument/bin2hex.vhd Line: 8
    Info (12023): Found entity 1: bin2hex File: C:/LIHI/git/Digital musical instrument/bin2hex.vhd Line: 3
Info (12021): Found 2 design units, including 1 entities, in source file counter_x.vhd
    Info (12022): Found design unit 1: counter_x-behave File: C:/LIHI/git/Digital musical instrument/counter_x.vhd Line: 8
    Info (12023): Found entity 1: counter_x File: C:/LIHI/git/Digital musical instrument/counter_x.vhd Line: 3
Info (12021): Found 2 design units, including 1 entities, in source file data_controller.vhd
    Info (12022): Found design unit 1: data_controller-behave File: C:/LIHI/git/Digital musical instrument/data_controller.vhd Line: 14
    Info (12023): Found entity 1: data_controller File: C:/LIHI/git/Digital musical instrument/data_controller.vhd Line: 3
Info (12021): Found 2 design units, including 1 entities, in source file pwm_motor.vhd
    Info (12022): Found design unit 1: pwm_motor-b File: C:/LIHI/git/Digital musical instrument/pwm_motor.vhd Line: 8
    Info (12023): Found entity 1: pwm_motor File: C:/LIHI/git/Digital musical instrument/pwm_motor.vhd Line: 3
Info (12021): Found 2 design units, including 1 entities, in source file pwm_motors.vhd
    Info (12022): Found design unit 1: pwm_motors-behave File: C:/LIHI/git/Digital musical instrument/pwm_motors.vhd Line: 9
    Info (12023): Found entity 1: pwm_motors File: C:/LIHI/git/Digital musical instrument/pwm_motors.vhd Line: 3
Info (12021): Found 2 design units, including 1 entities, in source file servo_degree.vhd
    Info (12022): Found design unit 1: servo_degree-b File: C:/LIHI/git/Digital musical instrument/servo_degree.vhd Line: 8
    Info (12023): Found entity 1: servo_degree File: C:/LIHI/git/Digital musical instrument/servo_degree.vhd Line: 3
Info (12021): Found 2 design units, including 1 entities, in source file triger_ctrl.vhd
    Info (12022): Found design unit 1: triger_ctrl-behave File: C:/LIHI/git/Digital musical instrument/triger_ctrl.vhd Line: 7
    Info (12023): Found entity 1: triger_ctrl File: C:/LIHI/git/Digital musical instrument/triger_ctrl.vhd Line: 3
Info (12021): Found 2 design units, including 1 entities, in source file dis_meter_sm.vhd
    Info (12022): Found design unit 1: dis_meter_sm-behave File: C:/LIHI/git/Digital musical instrument/dis_meter_sm.vhd Line: 8
    Info (12023): Found entity 1: dis_meter_sm File: C:/LIHI/git/Digital musical instrument/dis_meter_sm.vhd Line: 4
Info (12021): Found 2 design units, including 1 entities, in source file clk_div_58msec.vhd
    Info (12022): Found design unit 1: clk_div_58msec-b File: C:/LIHI/git/Digital musical instrument/clk_div_58msec.vhd Line: 7
    Info (12023): Found entity 1: clk_div_58msec File: C:/LIHI/git/Digital musical instrument/clk_div_58msec.vhd Line: 3
Info (12021): Found 2 design units, including 1 entities, in source file swith_srf.vhd
    Info (12022): Found design unit 1: switch_SRF-behave File: C:/LIHI/git/Digital musical instrument/swith_SRF.vhd Line: 10
    Info (12023): Found entity 1: switch_SRF File: C:/LIHI/git/Digital musical instrument/swith_SRF.vhd Line: 3
Info (12021): Found 2 design units, including 1 entities, in source file piazo.vhd
    Info (12022): Found design unit 1: piazo-behave File: C:/LIHI/git/Digital musical instrument/piazo.vhd Line: 8
    Info (12023): Found entity 1: piazo File: C:/LIHI/git/Digital musical instrument/piazo.vhd Line: 3
Info (12021): Found 2 design units, including 1 entities, in source file my_pll.vhd
    Info (12022): Found design unit 1: my_pll-SYN File: C:/LIHI/git/Digital musical instrument/my_pll.vhd Line: 52
    Info (12023): Found entity 1: my_pll File: C:/LIHI/git/Digital musical instrument/my_pll.vhd Line: 43
Info (12021): Found 2 design units, including 1 entities, in source file mpu6050_ctrl.vhd
    Info (12022): Found design unit 1: mpu6050_ctrl-SOLUCION File: C:/LIHI/git/Digital musical instrument/mpu6050_ctrl.vhd Line: 22
    Info (12023): Found entity 1: mpu6050_ctrl File: C:/LIHI/git/Digital musical instrument/mpu6050_ctrl.vhd Line: 6
Info (12021): Found 2 design units, including 1 entities, in source file divider12mhz.vhd
    Info (12022): Found design unit 1: divider12MHz-Behavioral File: C:/LIHI/git/Digital musical instrument/divider12MHz.vhd Line: 11
    Info (12023): Found entity 1: divider12MHz File: C:/LIHI/git/Digital musical instrument/divider12MHz.vhd Line: 5
Info (12021): Found 2 design units, including 1 entities, in source file padding.vhd
    Info (12022): Found design unit 1: padding-behave File: C:/LIHI/git/Digital musical instrument/padding.vhd Line: 9
    Info (12023): Found entity 1: padding File: C:/LIHI/git/Digital musical instrument/padding.vhd Line: 4
Info (12021): Found 2 design units, including 1 entities, in source file output_files/mux_dis_tav.vhd
    Info (12022): Found design unit 1: mux_dis_tav-behave File: C:/LIHI/git/Digital musical instrument/output_files/mux_dis_tav.vhd Line: 10
    Info (12023): Found entity 1: mux_dis_tav File: C:/LIHI/git/Digital musical instrument/output_files/mux_dis_tav.vhd Line: 4
Info (12021): Found 2 design units, including 1 entities, in source file bit_div.vhd
    Info (12022): Found design unit 1: bit_div-behave File: C:/LIHI/git/Digital musical instrument/bit_div.vhd Line: 8
    Info (12023): Found entity 1: bit_div File: C:/LIHI/git/Digital musical instrument/bit_div.vhd Line: 3
Info (12021): Found 2 design units, including 1 entities, in source file padding_tx.vhd
    Info (12022): Found design unit 1: padding_tx-behave File: C:/LIHI/git/Digital musical instrument/padding_tx.vhd Line: 9
    Info (12023): Found entity 1: padding_tx File: C:/LIHI/git/Digital musical instrument/padding_tx.vhd Line: 4
Info (12021): Found 2 design units, including 1 entities, in source file rgb_ring.vhd
    Info (12022): Found design unit 1: RGB_ring-behave File: C:/LIHI/git/Digital musical instrument/RGB_ring.vhd Line: 21
    Info (12023): Found entity 1: RGB_ring File: C:/LIHI/git/Digital musical instrument/RGB_ring.vhd Line: 5
Info (12021): Found 2 design units, including 1 entities, in source file div_rx.vhd
    Info (12022): Found design unit 1: div_rx-behave File: C:/LIHI/git/Digital musical instrument/div_rx.vhd Line: 10
    Info (12023): Found entity 1: div_rx File: C:/LIHI/git/Digital musical instrument/div_rx.vhd Line: 4
Info (12021): Found 2 design units, including 1 entities, in source file padding3_8.vhd
    Info (12022): Found design unit 1: padding3_8-behave File: C:/LIHI/git/Digital musical instrument/padding3_8.vhd Line: 9
    Info (12023): Found entity 1: padding3_8 File: C:/LIHI/git/Digital musical instrument/padding3_8.vhd Line: 4
Info (12021): Found 2 design units, including 1 entities, in source file adsr.vhd
    Info (12022): Found design unit 1: ADSR-behave File: C:/LIHI/git/Digital musical instrument/ADSR.vhd Line: 14
    Info (12023): Found entity 1: ADSR File: C:/LIHI/git/Digital musical instrument/ADSR.vhd Line: 5
Info (12021): Found 2 design units, including 1 entities, in source file dac_wave.vhd
    Info (12022): Found design unit 1: dac_wave-behave File: C:/LIHI/git/Digital musical instrument/dac_wave.vhd Line: 8
    Info (12023): Found entity 1: dac_wave File: C:/LIHI/git/Digital musical instrument/dac_wave.vhd Line: 4
Info (12021): Found 2 design units, including 1 entities, in source file f_vol.vhd
    Info (12022): Found design unit 1: f_vol-behave File: C:/LIHI/git/Digital musical instrument/f_vol.vhd Line: 10
    Info (12023): Found entity 1: f_vol File: C:/LIHI/git/Digital musical instrument/f_vol.vhd Line: 5
Info (12021): Found 2 design units, including 1 entities, in source file adr.vhd
    Info (12022): Found design unit 1: ADR-behave File: C:/LIHI/git/Digital musical instrument/ADR.vhd Line: 10
    Info (12023): Found entity 1: ADR File: C:/LIHI/git/Digital musical instrument/ADR.vhd Line: 5
Info (12021): Found 0 design units, including 0 entities, in source file songs.vhd
Info (12127): Elaborating entity "rxtx" for the top level hierarchy
Warning (275043): Pin "piazo" is missing source
Warning (275043): Pin "pileft" is missing source
Info (12128): Elaborating entity "TX" for hierarchy "TX:inst6"
Info (12128): Elaborating entity "boud" for hierarchy "boud:inst"
Info (12128): Elaborating entity "clkdiv" for hierarchy "clkdiv:inst9"
Info (12128): Elaborating entity "padding_tx" for hierarchy "padding_tx:inst20"
Info (12128): Elaborating entity "HC-SR04" for hierarchy "HC-SR04:inst17"
Warning (12125): Using design file trigger.vhd, which is not specified as a design file for the current project, but contains definitions for 2 design units and 1 entities in project
    Info (12022): Found design unit 1: trigger-behave File: C:/LIHI/git/Digital musical instrument/trigger.vhd Line: 9
    Info (12023): Found entity 1: trigger File: C:/LIHI/git/Digital musical instrument/trigger.vhd Line: 4
Info (12128): Elaborating entity "trigger" for hierarchy "HC-SR04:inst17|trigger:inst2"
Info (12128): Elaborating entity "bit_div" for hierarchy "HC-SR04:inst17|bit_div:inst4"
Info (12128): Elaborating entity "dis_meter_sm" for hierarchy "HC-SR04:inst17|dis_meter_sm:inst1"
Info (12128): Elaborating entity "clk_div_58msec" for hierarchy "HC-SR04:inst17|clk_div_58msec:inst"
Warning (12125): Using design file keyboard.bdf, which is not specified as a design file for the current project, but contains definitions for 1 design units and 1 entities in project
    Info (12023): Found entity 1: keyboard
Info (12128): Elaborating entity "keyboard" for hierarchy "keyboard:inst15"
Warning (12125): Using design file sound_div.vhd, which is not specified as a design file for the current project, but contains definitions for 2 design units and 1 entities in project
    Info (12022): Found design unit 1: SOUND_DIV-behave File: C:/LIHI/git/Digital musical instrument/sound_div.vhd Line: 11
    Info (12023): Found entity 1: SOUND_DIV File: C:/LIHI/git/Digital musical instrument/sound_div.vhd Line: 5
Info (12128): Elaborating entity "SOUND_DIV" for hierarchy "keyboard:inst15|SOUND_DIV:inst2"
Warning (12125): Using design file p_encoder.vhd, which is not specified as a design file for the current project, but contains definitions for 2 design units and 1 entities in project
    Info (12022): Found design unit 1: P_ENCODER-behave File: C:/LIHI/git/Digital musical instrument/p_encoder.vhd Line: 9
    Info (12023): Found entity 1: P_ENCODER File: C:/LIHI/git/Digital musical instrument/p_encoder.vhd Line: 4
Info (12128): Elaborating entity "P_ENCODER" for hierarchy "keyboard:inst15|P_ENCODER:inst"
Info (12128): Elaborating entity "RGB_ring" for hierarchy "RGB_ring:inst33"
Info (10041): Inferred latch for "current_color[0]" at RGB_ring.vhd(130) File: C:/LIHI/git/Digital musical instrument/RGB_ring.vhd Line: 130
Info (10041): Inferred latch for "current_color[1]" at RGB_ring.vhd(130) File: C:/LIHI/git/Digital musical instrument/RGB_ring.vhd Line: 130
Info (10041): Inferred latch for "current_color[2]" at RGB_ring.vhd(130) File: C:/LIHI/git/Digital musical instrument/RGB_ring.vhd Line: 130
Info (10041): Inferred latch for "current_color[3]" at RGB_ring.vhd(130) File: C:/LIHI/git/Digital musical instrument/RGB_ring.vhd Line: 130
Info (10041): Inferred latch for "current_color[4]" at RGB_ring.vhd(130) File: C:/LIHI/git/Digital musical instrument/RGB_ring.vhd Line: 130
Info (10041): Inferred latch for "current_color[5]" at RGB_ring.vhd(130) File: C:/LIHI/git/Digital musical instrument/RGB_ring.vhd Line: 130
Info (10041): Inferred latch for "current_color[6]" at RGB_ring.vhd(130) File: C:/LIHI/git/Digital musical instrument/RGB_ring.vhd Line: 130
Info (10041): Inferred latch for "current_color[7]" at RGB_ring.vhd(130) File: C:/LIHI/git/Digital musical instrument/RGB_ring.vhd Line: 130
Info (12128): Elaborating entity "div_rx" for hierarchy "div_rx:inst34"
Info (12128): Elaborating entity "my_rX" for hierarchy "my_rX:inst2"
Info (12128): Elaborating entity "f_vol" for hierarchy "f_vol:inst40"
Info (12128): Elaborating entity "bin2hex" for hierarchy "bin2hex:inst4"
Info (12128): Elaborating entity "half8" for hierarchy "half8:inst3"
Info (12128): Elaborating entity "padding" for hierarchy "padding:inst18"
Info (12128): Elaborating entity "dac_wave" for hierarchy "dac_wave:inst37"
Info (10041): Inferred latch for "u_d" at dac_wave.vhd(21) File: C:/LIHI/git/Digital musical instrument/dac_wave.vhd Line: 21
Info (12128): Elaborating entity "ADR" for hierarchy "ADR:inst41"
Info (12128): Elaborating entity "ADSR" for hierarchy "ADSR:inst42"
Info (278001): Inferred 1 megafunctions from design logic
    Info (278003): Inferred multiplier megafunction ("lpm_mult") from the following logic: "f_vol:inst40|Mult0" File: C:/LIHI/git/Digital musical instrument/f_vol.vhd Line: 30
Info (12130): Elaborated megafunction instantiation "f_vol:inst40|lpm_mult:Mult0" File: C:/LIHI/git/Digital musical instrument/f_vol.vhd Line: 30
Info (12133): Instantiated megafunction "f_vol:inst40|lpm_mult:Mult0" with the following parameter: File: C:/LIHI/git/Digital musical instrument/f_vol.vhd Line: 30
    Info (12134): Parameter "LPM_WIDTHA" = "2"
    Info (12134): Parameter "LPM_WIDTHB" = "8"
    Info (12134): Parameter "LPM_WIDTHP" = "10"
    Info (12134): Parameter "LPM_WIDTHR" = "10"
    Info (12134): Parameter "LPM_WIDTHS" = "1"
    Info (12134): Parameter "LPM_REPRESENTATION" = "SIGNED"
    Info (12134): Parameter "INPUT_A_IS_CONSTANT" = "NO"
    Info (12134): Parameter "INPUT_B_IS_CONSTANT" = "NO"
    Info (12134): Parameter "MAXIMIZE_SPEED" = "5"
Info (12131): Elaborated megafunction instantiation "f_vol:inst40|lpm_mult:Mult0|multcore:mult_core", which is child of megafunction instantiation "f_vol:inst40|lpm_mult:Mult0" File: c:/intelfpga_lite/17.0/quartus/libraries/megafunctions/lpm_mult.tdf Line: 324
Info (12131): Elaborated megafunction instantiation "f_vol:inst40|lpm_mult:Mult0|multcore:mult_core|mul_lfrg:mul_lfrg_first_mod", which is child of megafunction instantiation "f_vol:inst40|lpm_mult:Mult0" File: c:/intelfpga_lite/17.0/quartus/libraries/megafunctions/multcore.tdf Line: 299
Info (12131): Elaborated megafunction instantiation "f_vol:inst40|lpm_mult:Mult0|multcore:mult_core|mpar_add:padder", which is child of megafunction instantiation "f_vol:inst40|lpm_mult:Mult0" File: c:/intelfpga_lite/17.0/quartus/libraries/megafunctions/multcore.tdf Line: 397
Info (12131): Elaborated megafunction instantiation "f_vol:inst40|lpm_mult:Mult0|multcore:mult_core|mpar_add:padder|lpm_add_sub:adder[0]", which is child of megafunction instantiation "f_vol:inst40|lpm_mult:Mult0" File: c:/intelfpga_lite/17.0/quartus/libraries/megafunctions/mpar_add.tdf Line: 115
Info (12021): Found 1 design units, including 1 entities, in source file db/add_sub_drg.tdf
    Info (12023): Found entity 1: add_sub_drg File: C:/LIHI/git/Digital musical instrument/db/add_sub_drg.tdf Line: 23
Info (12131): Elaborated megafunction instantiation "f_vol:inst40|lpm_mult:Mult0|multcore:mult_core|mul_lfrg:$00030", which is child of megafunction instantiation "f_vol:inst40|lpm_mult:Mult0" File: c:/intelfpga_lite/17.0/quartus/libraries/megafunctions/multcore.tdf Line: 959
Info (12131): Elaborated megafunction instantiation "f_vol:inst40|lpm_mult:Mult0|multcore:mult_core|mul_lfrg:$00032", which is child of megafunction instantiation "f_vol:inst40|lpm_mult:Mult0" File: c:/intelfpga_lite/17.0/quartus/libraries/megafunctions/multcore.tdf Line: 971
Info (12131): Elaborated megafunction instantiation "f_vol:inst40|lpm_mult:Mult0|altshift:external_latency_ffs", which is child of megafunction instantiation "f_vol:inst40|lpm_mult:Mult0" File: c:/intelfpga_lite/17.0/quartus/libraries/megafunctions/lpm_mult.tdf Line: 352
Warning (13012): Latch RGB_ring:inst33|current_color[5] has unsafe behavior File: C:/LIHI/git/Digital musical instrument/RGB_ring.vhd Line: 130
    Warning (13013): Ports D and ENA on the latch are fed by the same signal RGB_ring:inst33|currentLedBit[4] File: C:/LIHI/git/Digital musical instrument/RGB_ring.vhd Line: 32
Warning (13012): Latch RGB_ring:inst33|current_color[6] has unsafe behavior File: C:/LIHI/git/Digital musical instrument/RGB_ring.vhd Line: 130
    Warning (13013): Ports D and ENA on the latch are fed by the same signal RGB_ring:inst33|currentLedBit[4] File: C:/LIHI/git/Digital musical instrument/RGB_ring.vhd Line: 32
Warning (13012): Latch RGB_ring:inst33|current_color[7] has unsafe behavior File: C:/LIHI/git/Digital musical instrument/RGB_ring.vhd Line: 130
    Warning (13013): Ports D and ENA on the latch are fed by the same signal RGB_ring:inst33|currentLedBit[4] File: C:/LIHI/git/Digital musical instrument/RGB_ring.vhd Line: 32
Warning (13012): Latch RGB_ring:inst33|current_color[4] has unsafe behavior File: C:/LIHI/git/Digital musical instrument/RGB_ring.vhd Line: 130
    Warning (13013): Ports D and ENA on the latch are fed by the same signal RGB_ring:inst33|currentLedBit[4] File: C:/LIHI/git/Digital musical instrument/RGB_ring.vhd Line: 32
Warning (13012): Latch RGB_ring:inst33|current_color[2] has unsafe behavior File: C:/LIHI/git/Digital musical instrument/RGB_ring.vhd Line: 130
    Warning (13013): Ports D and ENA on the latch are fed by the same signal RGB_ring:inst33|currentLedBit[4] File: C:/LIHI/git/Digital musical instrument/RGB_ring.vhd Line: 32
Warning (13012): Latch RGB_ring:inst33|current_color[1] has unsafe behavior File: C:/LIHI/git/Digital musical instrument/RGB_ring.vhd Line: 130
    Warning (13013): Ports D and ENA on the latch are fed by the same signal RGB_ring:inst33|currentLedBit[4] File: C:/LIHI/git/Digital musical instrument/RGB_ring.vhd Line: 32
Warning (13012): Latch RGB_ring:inst33|current_color[3] has unsafe behavior File: C:/LIHI/git/Digital musical instrument/RGB_ring.vhd Line: 130
    Warning (13013): Ports D and ENA on the latch are fed by the same signal RGB_ring:inst33|currentLedBit[4] File: C:/LIHI/git/Digital musical instrument/RGB_ring.vhd Line: 32
Warning (13012): Latch RGB_ring:inst33|current_color[0] has unsafe behavior File: C:/LIHI/git/Digital musical instrument/RGB_ring.vhd Line: 130
    Warning (13013): Ports D and ENA on the latch are fed by the same signal RGB_ring:inst33|currentLedBit[4] File: C:/LIHI/git/Digital musical instrument/RGB_ring.vhd Line: 32
Info (13000): Registers with preset signals will power-up high File: C:/LIHI/git/Digital musical instrument/tx.vhd Line: 7
Info (13003): DEV_CLRn pin will set, and not reset, register with preset signal due to NOT Gate Push-Back
Warning (13024): Output pins are stuck at VCC or GND
    Warning (13410): Pin "piazo" is stuck at GND
    Warning (13410): Pin "pileft" is stuck at GND
    Warning (13410): Pin "highB[6]" is stuck at GND
    Warning (13410): Pin "highB[5]" is stuck at GND
    Warning (13410): Pin "highB[4]" is stuck at GND
    Warning (13410): Pin "highB[3]" is stuck at GND
    Warning (13410): Pin "highB[2]" is stuck at GND
    Warning (13410): Pin "highB[1]" is stuck at GND
    Warning (13410): Pin "highB[0]" is stuck at VCC
    Warning (13410): Pin "highC[6]" is stuck at GND
    Warning (13410): Pin "highC[5]" is stuck at GND
    Warning (13410): Pin "highC[4]" is stuck at GND
    Warning (13410): Pin "highC[3]" is stuck at GND
    Warning (13410): Pin "highC[2]" is stuck at GND
    Warning (13410): Pin "highC[1]" is stuck at GND
    Warning (13410): Pin "highC[0]" is stuck at VCC
Info (286030): Timing-Driven Synthesis is running
Critical Warning (18061): Ignored Power-Up Level option on the following registers
    Critical Warning (18010): Register TX:inst6|tx_ser_out will power up to High File: C:/LIHI/git/Digital musical instrument/tx.vhd Line: 7
Info (17049): 39 registers lost all their fanouts during netlist optimizations.
Info (16010): Generating hard_block partition "hard_block:auto_generated_inst"
    Info (16011): Adding 0 node(s), including 0 DDIO, 0 PLL, 0 transceiver and 0 LCELL
Warning (21074): Design contains 9 input pin(s) that do not drive logic
    Warning (15610): No output dependent on input pin "sw_r[2]"
    Warning (15610): No output dependent on input pin "sw_r[1]"
    Warning (15610): No output dependent on input pin "sw_r[0]"
    Warning (15610): No output dependent on input pin "sw_d[2]"
    Warning (15610): No output dependent on input pin "sw_d[1]"
    Warning (15610): No output dependent on input pin "sw_d[0]"
    Warning (15610): No output dependent on input pin "sw_a[2]"
    Warning (15610): No output dependent on input pin "sw_a[1]"
    Warning (15610): No output dependent on input pin "sw_a[0]"
Info (21057): Implemented 521 device resources after synthesis - the final resource count might be different
    Info (21058): Implemented 21 input pins
    Info (21059): Implemented 63 output pins
    Info (21061): Implemented 437 logic cells
Info: Quartus Prime Analysis & Synthesis was successful. 0 errors, 52 warnings
    Info: Peak virtual memory: 4806 megabytes
    Info: Processing ended: Mon Mar 04 15:14:52 2024
    Info: Elapsed time: 00:00:23
    Info: Total CPU time (on all processors): 00:00:06


